This is pdfTeX, Version 3.141592653-2.6-1.40.25 (MiKTeX 23.4) (preloaded format=pdflatex 2023.9.12)  22 OCT 2023 02:35
entering extended mode
 restricted \write18 enabled.
 %&-line parsing enabled.
**./a4.tex
(a4.tex
LaTeX2e <2022-11-01> patch level 1
L3 programming layer <2023-03-30>
(C:\Users\robde\AppData\Local\Programs\MiKTeX\tex/latex/base\article.cls
Document Class: article 2022/07/02 v1.4n Standard LaTeX document class
(C:\Users\robde\AppData\Local\Programs\MiKTeX\tex/latex/base\size10.clo
File: size10.clo 2022/07/02 v1.4n Standard LaTeX file (size option)
)
\c@part=\count185
\c@section=\count186
\c@subsection=\count187
\c@subsubsection=\count188
\c@paragraph=\count189
\c@subparagraph=\count190
\c@figure=\count191
\c@table=\count192
\abovecaptionskip=\skip48
\belowcaptionskip=\skip49
\bibindent=\dimen140
)
(C:\Users\robde\AppData\Local\Programs\MiKTeX\tex/latex/geometry\geometry.sty
Package: geometry 2020/01/02 v5.9 Page Geometry

(C:\Users\robde\AppData\Local\Programs\MiKTeX\tex/latex/graphics\keyval.sty
Package: keyval 2022/05/29 v1.15 key=value parser (DPC)
\KV@toks@=\toks16
)
(C:\Users\robde\AppData\Local\Programs\MiKTeX\tex/generic/iftex\ifvtex.sty
Package: ifvtex 2019/10/25 v1.7 ifvtex legacy package. Use iftex instead.

(C:\Users\robde\AppData\Local\Programs\MiKTeX\tex/generic/iftex\iftex.sty
Package: iftex 2022/02/03 v1.0f TeX engine tests
))
\Gm@cnth=\count193
\Gm@cntv=\count194
\c@Gm@tempcnt=\count195
\Gm@bindingoffset=\dimen141
\Gm@wd@mp=\dimen142
\Gm@odd@mp=\dimen143
\Gm@even@mp=\dimen144
\Gm@layoutwidth=\dimen145
\Gm@layoutheight=\dimen146
\Gm@layouthoffset=\dimen147
\Gm@layoutvoffset=\dimen148
\Gm@dimlist=\toks17

(C:\Users\robde\AppData\Local\Programs\MiKTeX\tex/latex/geometry\geometry.cfg))
(C:\Users\robde\AppData\Local\Programs\MiKTeX\tex/latex/amsmath\amsmath.sty
Package: amsmath 2022/04/08 v2.17n AMS math features
\@mathmargin=\skip50

For additional information on amsmath, use the `?' option.
(C:\Users\robde\AppData\Local\Programs\MiKTeX\tex/latex/amsmath\amstext.sty
Package: amstext 2021/08/26 v2.01 AMS text

(C:\Users\robde\AppData\Local\Programs\MiKTeX\tex/latex/amsmath\amsgen.sty
File: amsgen.sty 1999/11/30 v2.0 generic functions
\@emptytoks=\toks18
\ex@=\dimen149
))
(C:\Users\robde\AppData\Local\Programs\MiKTeX\tex/latex/amsmath\amsbsy.sty
Package: amsbsy 1999/11/29 v1.2d Bold Symbols
\pmbraise@=\dimen150
)
(C:\Users\robde\AppData\Local\Programs\MiKTeX\tex/latex/amsmath\amsopn.sty
Package: amsopn 2022/04/08 v2.04 operator names
)
\inf@bad=\count196
LaTeX Info: Redefining \frac on input line 234.
\uproot@=\count197
\leftroot@=\count198
LaTeX Info: Redefining \overline on input line 399.
LaTeX Info: Redefining \colon on input line 410.
\classnum@=\count199
\DOTSCASE@=\count266
LaTeX Info: Redefining \ldots on input line 496.
LaTeX Info: Redefining \dots on input line 499.
LaTeX Info: Redefining \cdots on input line 620.
\Mathstrutbox@=\box51
\strutbox@=\box52
LaTeX Info: Redefining \big on input line 722.
LaTeX Info: Redefining \Big on input line 723.
LaTeX Info: Redefining \bigg on input line 724.
LaTeX Info: Redefining \Bigg on input line 725.
\big@size=\dimen151
LaTeX Font Info:    Redeclaring font encoding OML on input line 743.
LaTeX Font Info:    Redeclaring font encoding OMS on input line 744.
\macc@depth=\count267
LaTeX Info: Redefining \bmod on input line 905.
LaTeX Info: Redefining \pmod on input line 910.
LaTeX Info: Redefining \smash on input line 940.
LaTeX Info: Redefining \relbar on input line 970.
LaTeX Info: Redefining \Relbar on input line 971.
\c@MaxMatrixCols=\count268
\dotsspace@=\muskip16
\c@parentequation=\count269
\dspbrk@lvl=\count270
\tag@help=\toks19
\row@=\count271
\column@=\count272
\maxfields@=\count273
\andhelp@=\toks20
\eqnshift@=\dimen152
\alignsep@=\dimen153
\tagshift@=\dimen154
\tagwidth@=\dimen155
\totwidth@=\dimen156
\lineht@=\dimen157
\@envbody=\toks21
\multlinegap=\skip51
\multlinetaggap=\skip52
\mathdisplay@stack=\toks22
LaTeX Info: Redefining \[ on input line 2953.
LaTeX Info: Redefining \] on input line 2954.
)
(C:\Users\robde\AppData\Local\Programs\MiKTeX\tex/latex/listings\listings.sty
\lst@mode=\count274
\lst@gtempboxa=\box53
\lst@token=\toks23
\lst@length=\count275
\lst@currlwidth=\dimen158
\lst@column=\count276
\lst@pos=\count277
\lst@lostspace=\dimen159
\lst@width=\dimen160
\lst@newlines=\count278
\lst@lineno=\count279
\lst@maxwidth=\dimen161

(C:\Users\robde\AppData\Local\Programs\MiKTeX\tex/latex/listings\lstmisc.sty
File: lstmisc.sty 2023/02/27 1.9 (Carsten Heinz)
\c@lstnumber=\count280
\lst@skipnumbers=\count281
\lst@framebox=\box54
)
(C:\Users\robde\AppData\Local\Programs\MiKTeX\tex/latex/listings\listings.cfg
File: listings.cfg 2023/02/27 1.9 listings configuration
))
Package: listings 2023/02/27 1.9 (Carsten Heinz)
(C:\Users\robde\AppData\Local\Programs\MiKTeX\tex/latex/graphics\color.sty
Package: color 2022/01/06 v1.3d Standard LaTeX Color (DPC)

(C:\Users\robde\AppData\Local\Programs\MiKTeX\tex/latex/graphics-cfg\color.cfg
File: color.cfg 2016/01/02 v1.6 sample color configuration
)
Package color Info: Driver file: pdftex.def on input line 149.

(C:\Users\robde\AppData\Local\Programs\MiKTeX\tex/latex/graphics-def\pdftex.def
File: pdftex.def 2022/09/22 v1.2b Graphics/color driver for pdftex
)
(C:\Users\robde\AppData\Local\Programs\MiKTeX\tex/latex/graphics\mathcolor.ltx)
) (C:\Users\robde\AppData\Local\Programs\MiKTeX\tex/latex/graphics\graphicx.sty
Package: graphicx 2021/09/16 v1.2d Enhanced LaTeX Graphics (DPC,SPQR)
(C:\Users\robde\AppData\Local\Programs\MiKTeX\tex/latex/graphics\graphics.sty
Package: graphics 2022/03/10 v1.4e Standard LaTeX Graphics (DPC,SPQR)

(C:\Users\robde\AppData\Local\Programs\MiKTeX\tex/latex/graphics\trig.sty
Package: trig 2021/08/11 v1.11 sin cos tan (DPC)
)
(C:\Users\robde\AppData\Local\Programs\MiKTeX\tex/latex/graphics-cfg\graphics.c
fg
File: graphics.cfg 2016/06/04 v1.11 sample graphics configuration
)
Package graphics Info: Driver file: pdftex.def on input line 107.
)
\Gin@req@height=\dimen162
\Gin@req@width=\dimen163
)
(C:\Users\robde\AppData\Local\Programs\MiKTeX\tex/latex/blkarray\blkarray.sty
Package: blkarray 2015/02/27 v0.07 Block array (dpc)
\c@BAenumi=\count282
\BA@col=\count283
\BA@block@cnt=\count284
\BA@final@box=\box55
\BA@first@box=\box56
\BA@colsep=\dimen164
\BA@ftn=\toks24
\BAextrarowheight=\dimen165
\BAextraheightafterhline=\dimen166
\BAarrayrulewidth=\dimen167
\BAdoublerulesep=\dimen168
\BAfootskip=\dimen169
\BA@dashbox=\box57
\BA@ddashbox=\box58
)
(C:\Users\robde\AppData\Local\Programs\MiKTeX\tex/latex/multirow\multirow.sty
Package: multirow 2021/03/15 v2.8 Span multiple rows of a table
\multirow@colwidth=\skip53
\multirow@cntb=\count285
\multirow@dima=\skip54
\bigstrutjot=\dimen170
)
(C:\Users\robde\AppData\Local\Programs\MiKTeX\tex/latex/listings\lstlang1.sty
File: lstlang1.sty 2023/02/27 1.9 listings language file
)
(C:\Users\robde\AppData\Local\Programs\MiKTeX\tex/latex/l3backend\l3backend-pdf
tex.def
File: l3backend-pdftex.def 2023-03-30 L3 backend support: PDF output (pdfTeX)
\l__color_backend_stack_int=\count286
\l__pdf_internal_box=\box59
) (a4.aux)
\openout1 = `a4.aux'.

LaTeX Font Info:    Checking defaults for OML/cmm/m/it on input line 31.
LaTeX Font Info:    ... okay on input line 31.
LaTeX Font Info:    Checking defaults for OMS/cmsy/m/n on input line 31.
LaTeX Font Info:    ... okay on input line 31.
LaTeX Font Info:    Checking defaults for OT1/cmr/m/n on input line 31.
LaTeX Font Info:    ... okay on input line 31.
LaTeX Font Info:    Checking defaults for T1/cmr/m/n on input line 31.
LaTeX Font Info:    ... okay on input line 31.
LaTeX Font Info:    Checking defaults for TS1/cmr/m/n on input line 31.
LaTeX Font Info:    ... okay on input line 31.
LaTeX Font Info:    Checking defaults for OMX/cmex/m/n on input line 31.
LaTeX Font Info:    ... okay on input line 31.
LaTeX Font Info:    Checking defaults for U/cmr/m/n on input line 31.
LaTeX Font Info:    ... okay on input line 31.

*geometry* driver: auto-detecting
*geometry* detected driver: pdftex
*geometry* verbose mode - [ preamble ] result:
* driver: pdftex
* paper: <default>
* layout: <same size as paper>
* layoutoffset:(h,v)=(0.0pt,0.0pt)
* modes: 
* h-part:(L,W,R)=(72.26999pt, 469.75502pt, 72.26999pt)
* v-part:(T,H,B)=(72.26999pt, 650.43001pt, 72.26999pt)
* \paperwidth=614.295pt
* \paperheight=794.96999pt
* \textwidth=469.75502pt
* \textheight=650.43001pt
* \oddsidemargin=0.0pt
* \evensidemargin=0.0pt
* \topmargin=-37.0pt
* \headheight=12.0pt
* \headsep=25.0pt
* \topskip=10.0pt
* \footskip=30.0pt
* \marginparwidth=65.0pt
* \marginparsep=11.0pt
* \columnsep=10.0pt
* \skip\footins=9.0pt plus 4.0pt minus 2.0pt
* \hoffset=0.0pt
* \voffset=0.0pt
* \mag=1000
* \@twocolumnfalse
* \@twosidefalse
* \@mparswitchfalse
* \@reversemarginfalse
* (1in=72.27pt=25.4mm, 1cm=28.453pt)

\c@lstlisting=\count287

(C:\Users\robde\AppData\Local\Programs\MiKTeX\tex/context/base/mkii\supp-pdf.mk
ii
[Loading MPS to PDF converter (version 2006.09.02).]
\scratchcounter=\count288
\scratchdimen=\dimen171
\scratchbox=\box60
\nofMPsegments=\count289
\nofMParguments=\count290
\everyMPshowfont=\toks25
\MPscratchCnt=\count291
\MPscratchDim=\dimen172
\MPnumerator=\count292
\makeMPintoPDFobject=\count293
\everyMPtoPDFconversion=\toks26
)
(C:\Users\robde\AppData\Local\Programs\MiKTeX\tex/latex/epstopdf-pkg\epstopdf-b
ase.sty
Package: epstopdf-base 2020-01-24 v2.11 Base part for package epstopdf
Package epstopdf-base Info: Redefining graphics rule for `.eps' on input line 4
85.

(C:\Users\robde\AppData\Local\Programs\MiKTeX\tex/latex/00miktex\epstopdf-sys.c
fg
File: epstopdf-sys.cfg 2021/03/18 v2.0 Configuration of epstopdf for MiKTeX
))
<g1.png, id=1, 642.4pt x 481.8pt>
File: g1.png Graphic file (type png)
<use g1.png>
Package pdftex.def Info: g1.png  used on input line 55.
(pdftex.def)             Requested size: 375.80544pt x 281.86288pt.
 [1

{C:/Users/robde/AppData/Local/MiKTeX/fonts/map/pdftex/pdftex.map} <./g1.png (PN
G copy)>]
Overfull \hbox (153.92029pt too wide) in paragraph at lines 62--62
[]  \OT1/cmtt/m/n/12 Given a training set of car features, how can I use python
 to most accurately predict a cars value?[] 
 []


Overfull \hbox (752.89558pt too wide) in paragraph at lines 94--94
[]\OT1/cmtt/m/n/12 Predicting a car's value is a regression problem, and you ca
n use various machine learning techniques in Python to achieve accurate predict
ions. Here's a general outline of the steps you can follow:[] 
 []


Overfull \hbox (734.37057pt too wide) in paragraph at lines 94--94
[]\OT1/cmtt/m/n/12 Data Collection: Gather a dataset containing information abo
ut various car features (e.g., make, model, year, mileage, fuel efficiency, hor
sepower, etc.) and their corresponding values or prices.[] 
 []


Overfull \hbox (116.87027pt too wide) in paragraph at lines 94--94
[]\OT1/cmtt/m/n/12 b. Feature Selection: Choose relevant features that have a s
ignificant impact on a car's value.[] 
 []


Overfull \hbox (252.72034pt too wide) in paragraph at lines 94--94
[]\OT1/cmtt/m/n/12 c. Data Encoding: Convert categorical features into numerica
l representations using techniques like one-hot encoding.[] 
 []


Overfull \hbox (215.67032pt too wide) in paragraph at lines 94--94
[]\OT1/cmtt/m/n/12 d. Data Splitting: Split the dataset into a training set and
 a testing set to evaluate the model's performance.[] 
 []


Overfull \hbox (567.6455pt too wide) in paragraph at lines 94--94
[]\OT1/cmtt/m/n/12 Feature Scaling: Normalize or standardize numerical features
 to ensure that all features have the same scale. This helps the machine learni
ng algorithms perform better.[] 
 []


Overfull \hbox (573.8205pt too wide) in paragraph at lines 94--94
[]\OT1/cmtt/m/n/12 Model Selection: Choose a regression algorithm. Common choic
es include Linear Regression, Decision Trees, Random Forest, Support Vector Reg
ression, or Gradient Boosting.[] 
 []


Overfull \hbox (684.97055pt too wide) in paragraph at lines 94--94
[]\OT1/cmtt/m/n/12 Model Evaluation: Use the testing set to evaluate the model'
s performance. Common regression metrics include Mean Absolute Error (MAE), Mea
n Squared Error (MSE), and R-squared (R2) score.[] 
 []


Overfull \hbox (610.87051pt too wide) in paragraph at lines 94--94
[]\OT1/cmtt/m/n/12 Hyperparameter Tuning: Depending on the model you choose, yo
u may need to tune hyperparameters to improve its performance. Techniques like 
cross-validation can help with this.[] 
 []


Overfull \hbox (289.77036pt too wide) in paragraph at lines 94--94
[]\OT1/cmtt/m/n/12 Deployment: Once you are satisfied with the model's performa
nce, you can deploy it to make predictions on new, unseen data.[] 
 []


Overfull \hbox (289.77036pt too wide) in paragraph at lines 94--94
[]\OT1/cmtt/m/n/12 Continuous Monitoring and Maintenance: Keep an eye on your m
odel's performance and update it as new data becomes available.[] 
 []


Overfull \hbox (1191.3208pt too wide) in paragraph at lines 94--94
[]\OT1/cmtt/m/n/12 Remember that the choice of features, data quality, and the 
model you select will have a significant impact on the prediction accuracy. It'
s often an iterative process where you experiment with different models and fea
ture engineering techniques to improve the results.[] 
 []

[2]
Overfull \hbox (61.29524pt too wide) in paragraph at lines 99--99
[]   \OT1/cmtt/m/n/12 How can we determine how well our model predicts on diffe
rent ranges of car prices?[] 
 []


Underfull \hbox (badness 10000) in paragraph at lines 100--101

 []


Underfull \hbox (badness 10000) in paragraph at lines 100--101

 []


Overfull \hbox (228.02032pt too wide) in paragraph at lines 113--113
[]\OT1/cmtt/m/n/12 To determine how well your model predicts on different range
s of car prices, you can perform the following steps:[] 
 []


Overfull \hbox (1265.42084pt too wide) in paragraph at lines 113--113
[]\OT1/cmtt/m/n/12 Define Price Ranges: First, define the price ranges or bins 
into which you want to categorize the car prices. For example, you might create
 bins such as "Affordable," "Moderate," and "Luxury" or specify numerical range
s like "0-10,000," "10,000-20,000," "20,000-30,000," and so on.[] 
 []


Overfull \hbox (178.6203pt too wide) in paragraph at lines 113--113
[]\OT1/cmtt/m/n/12 Group Data: Group the test data into these defined price ran
ges. You can use pandas in Python to do this.[] 
 []


Overfull \hbox (135.39528pt too wide) in paragraph at lines 113--113
[]\OT1/cmtt/m/n/12 Predict Prices: Use your trained model to make predictions f
or each data point in the testing set.[] 
 []


Overfull \hbox (1543.29597pt too wide) in paragraph at lines 113--113
[]\OT1/cmtt/m/n/12 Evaluate Accuracy: Calculate accuracy metrics for each price
 range. You can use metrics like Mean Absolute Error (MAE), Mean Squared Error 
(MSE), R-squared (R2), or custom metrics specific to your application. Calculat
e these metrics separately for each price range to understand how well your mod
el performs in each category.[] 
 []


Overfull \hbox (1259.24583pt too wide) in paragraph at lines 113--113
[]\OT1/cmtt/m/n/12 By evaluating the model's performance on different price ran
ges, you can gain insights into how well your model predicts for cars in variou
s price categories. This analysis can help you identify whether the model excel
s in certain price ranges and where it might need improvement.[] 
 []

[3] [1] [2] [3] (a4.aux) ) 
Here is how much of TeX's memory you used:
 4835 strings out of 476331
 71348 string characters out of 5787765
 1976660 words of memory out of 5000000
 25243 multiletter control sequences out of 15000+600000
 517246 words of font info for 50 fonts, out of 8000000 for 9000
 1141 hyphenation exceptions out of 8191
 57i,6n,62p,549b,1785s stack positions out of 10000i,1000n,20000p,200000b,200000s
<C:/Users/robde/AppData/Local/Programs/MiKTeX/fonts/t
ype1/public/amsfonts/cm/cmbx10.pfb><C:/Users/robde/AppData/Local/Programs/MiKTe
X/fonts/type1/public/amsfonts/cm/cmbx12.pfb><C:/Users/robde/AppData/Local/Progr
ams/MiKTeX/fonts/type1/public/amsfonts/cm/cmmi12.pfb><C:/Users/robde/AppData/Lo
cal/Programs/MiKTeX/fonts/type1/public/amsfonts/cm/cmr10.pfb><C:/Users/robde/Ap
pData/Local/Programs/MiKTeX/fonts/type1/public/amsfonts/cm/cmr12.pfb><C:/Users/
robde/AppData/Local/Programs/MiKTeX/fonts/type1/public/amsfonts/cm/cmr17.pfb><C
:/Users/robde/AppData/Local/Programs/MiKTeX/fonts/type1/public/amsfonts/cm/cmr8
.pfb><C:/Users/robde/AppData/Local/Programs/MiKTeX/fonts/type1/public/amsfonts/
cm/cmtt12.pfb><C:/Users/robde/AppData/Local/Programs/MiKTeX/fonts/type1/public/
amsfonts/cm/cmtt9.pfb>
Output written on a4.pdf (6 pages, 156559 bytes).
PDF statistics:
 67 PDF objects out of 1000 (max. 8388607)
 0 named destinations out of 1000 (max. 500000)
 6 words of extra memory for PDF output out of 10000 (max. 10000000)

