This is pdfTeX, Version 3.141592653-2.6-1.40.25 (MiKTeX 23.4) (preloaded format=pdflatex 2023.9.12)  22 OCT 2023 03:50
entering extended mode
 restricted \write18 enabled.
 %&-line parsing enabled.
**./a5.tex
(a5.tex
LaTeX2e <2022-11-01> patch level 1
L3 programming layer <2023-03-30>
(C:\Users\robde\AppData\Local\Programs\MiKTeX\tex/latex/base\article.cls
Document Class: article 2022/07/02 v1.4n Standard LaTeX document class
(C:\Users\robde\AppData\Local\Programs\MiKTeX\tex/latex/base\size10.clo
File: size10.clo 2022/07/02 v1.4n Standard LaTeX file (size option)
)
\c@part=\count185
\c@section=\count186
\c@subsection=\count187
\c@subsubsection=\count188
\c@paragraph=\count189
\c@subparagraph=\count190
\c@figure=\count191
\c@table=\count192
\abovecaptionskip=\skip48
\belowcaptionskip=\skip49
\bibindent=\dimen140
)
(C:\Users\robde\AppData\Local\Programs\MiKTeX\tex/latex/geometry\geometry.sty
Package: geometry 2020/01/02 v5.9 Page Geometry

(C:\Users\robde\AppData\Local\Programs\MiKTeX\tex/latex/graphics\keyval.sty
Package: keyval 2022/05/29 v1.15 key=value parser (DPC)
\KV@toks@=\toks16
)
(C:\Users\robde\AppData\Local\Programs\MiKTeX\tex/generic/iftex\ifvtex.sty
Package: ifvtex 2019/10/25 v1.7 ifvtex legacy package. Use iftex instead.

(C:\Users\robde\AppData\Local\Programs\MiKTeX\tex/generic/iftex\iftex.sty
Package: iftex 2022/02/03 v1.0f TeX engine tests
))
\Gm@cnth=\count193
\Gm@cntv=\count194
\c@Gm@tempcnt=\count195
\Gm@bindingoffset=\dimen141
\Gm@wd@mp=\dimen142
\Gm@odd@mp=\dimen143
\Gm@even@mp=\dimen144
\Gm@layoutwidth=\dimen145
\Gm@layoutheight=\dimen146
\Gm@layouthoffset=\dimen147
\Gm@layoutvoffset=\dimen148
\Gm@dimlist=\toks17

(C:\Users\robde\AppData\Local\Programs\MiKTeX\tex/latex/geometry\geometry.cfg))
(C:\Users\robde\AppData\Local\Programs\MiKTeX\tex/latex/amsmath\amsmath.sty
Package: amsmath 2022/04/08 v2.17n AMS math features
\@mathmargin=\skip50

For additional information on amsmath, use the `?' option.
(C:\Users\robde\AppData\Local\Programs\MiKTeX\tex/latex/amsmath\amstext.sty
Package: amstext 2021/08/26 v2.01 AMS text

(C:\Users\robde\AppData\Local\Programs\MiKTeX\tex/latex/amsmath\amsgen.sty
File: amsgen.sty 1999/11/30 v2.0 generic functions
\@emptytoks=\toks18
\ex@=\dimen149
))
(C:\Users\robde\AppData\Local\Programs\MiKTeX\tex/latex/amsmath\amsbsy.sty
Package: amsbsy 1999/11/29 v1.2d Bold Symbols
\pmbraise@=\dimen150
)
(C:\Users\robde\AppData\Local\Programs\MiKTeX\tex/latex/amsmath\amsopn.sty
Package: amsopn 2022/04/08 v2.04 operator names
)
\inf@bad=\count196
LaTeX Info: Redefining \frac on input line 234.
\uproot@=\count197
\leftroot@=\count198
LaTeX Info: Redefining \overline on input line 399.
LaTeX Info: Redefining \colon on input line 410.
\classnum@=\count199
\DOTSCASE@=\count266
LaTeX Info: Redefining \ldots on input line 496.
LaTeX Info: Redefining \dots on input line 499.
LaTeX Info: Redefining \cdots on input line 620.
\Mathstrutbox@=\box51
\strutbox@=\box52
LaTeX Info: Redefining \big on input line 722.
LaTeX Info: Redefining \Big on input line 723.
LaTeX Info: Redefining \bigg on input line 724.
LaTeX Info: Redefining \Bigg on input line 725.
\big@size=\dimen151
LaTeX Font Info:    Redeclaring font encoding OML on input line 743.
LaTeX Font Info:    Redeclaring font encoding OMS on input line 744.
\macc@depth=\count267
LaTeX Info: Redefining \bmod on input line 905.
LaTeX Info: Redefining \pmod on input line 910.
LaTeX Info: Redefining \smash on input line 940.
LaTeX Info: Redefining \relbar on input line 970.
LaTeX Info: Redefining \Relbar on input line 971.
\c@MaxMatrixCols=\count268
\dotsspace@=\muskip16
\c@parentequation=\count269
\dspbrk@lvl=\count270
\tag@help=\toks19
\row@=\count271
\column@=\count272
\maxfields@=\count273
\andhelp@=\toks20
\eqnshift@=\dimen152
\alignsep@=\dimen153
\tagshift@=\dimen154
\tagwidth@=\dimen155
\totwidth@=\dimen156
\lineht@=\dimen157
\@envbody=\toks21
\multlinegap=\skip51
\multlinetaggap=\skip52
\mathdisplay@stack=\toks22
LaTeX Info: Redefining \[ on input line 2953.
LaTeX Info: Redefining \] on input line 2954.
)
(C:\Users\robde\AppData\Local\Programs\MiKTeX\tex/latex/listings\listings.sty
\lst@mode=\count274
\lst@gtempboxa=\box53
\lst@token=\toks23
\lst@length=\count275
\lst@currlwidth=\dimen158
\lst@column=\count276
\lst@pos=\count277
\lst@lostspace=\dimen159
\lst@width=\dimen160
\lst@newlines=\count278
\lst@lineno=\count279
\lst@maxwidth=\dimen161

(C:\Users\robde\AppData\Local\Programs\MiKTeX\tex/latex/listings\lstmisc.sty
File: lstmisc.sty 2023/02/27 1.9 (Carsten Heinz)
\c@lstnumber=\count280
\lst@skipnumbers=\count281
\lst@framebox=\box54
)
(C:\Users\robde\AppData\Local\Programs\MiKTeX\tex/latex/listings\listings.cfg
File: listings.cfg 2023/02/27 1.9 listings configuration
))
Package: listings 2023/02/27 1.9 (Carsten Heinz)
(C:\Users\robde\AppData\Local\Programs\MiKTeX\tex/latex/graphics\color.sty
Package: color 2022/01/06 v1.3d Standard LaTeX Color (DPC)

(C:\Users\robde\AppData\Local\Programs\MiKTeX\tex/latex/graphics-cfg\color.cfg
File: color.cfg 2016/01/02 v1.6 sample color configuration
)
Package color Info: Driver file: pdftex.def on input line 149.

(C:\Users\robde\AppData\Local\Programs\MiKTeX\tex/latex/graphics-def\pdftex.def
File: pdftex.def 2022/09/22 v1.2b Graphics/color driver for pdftex
)
(C:\Users\robde\AppData\Local\Programs\MiKTeX\tex/latex/graphics\mathcolor.ltx)
) (C:\Users\robde\AppData\Local\Programs\MiKTeX\tex/latex/graphics\graphicx.sty
Package: graphicx 2021/09/16 v1.2d Enhanced LaTeX Graphics (DPC,SPQR)
(C:\Users\robde\AppData\Local\Programs\MiKTeX\tex/latex/graphics\graphics.sty
Package: graphics 2022/03/10 v1.4e Standard LaTeX Graphics (DPC,SPQR)

(C:\Users\robde\AppData\Local\Programs\MiKTeX\tex/latex/graphics\trig.sty
Package: trig 2021/08/11 v1.11 sin cos tan (DPC)
)
(C:\Users\robde\AppData\Local\Programs\MiKTeX\tex/latex/graphics-cfg\graphics.c
fg
File: graphics.cfg 2016/06/04 v1.11 sample graphics configuration
)
Package graphics Info: Driver file: pdftex.def on input line 107.
)
\Gin@req@height=\dimen162
\Gin@req@width=\dimen163
)
(C:\Users\robde\AppData\Local\Programs\MiKTeX\tex/latex/blkarray\blkarray.sty
Package: blkarray 2015/02/27 v0.07 Block array (dpc)
\c@BAenumi=\count282
\BA@col=\count283
\BA@block@cnt=\count284
\BA@final@box=\box55
\BA@first@box=\box56
\BA@colsep=\dimen164
\BA@ftn=\toks24
\BAextrarowheight=\dimen165
\BAextraheightafterhline=\dimen166
\BAarrayrulewidth=\dimen167
\BAdoublerulesep=\dimen168
\BAfootskip=\dimen169
\BA@dashbox=\box57
\BA@ddashbox=\box58
)
(C:\Users\robde\AppData\Local\Programs\MiKTeX\tex/latex/multirow\multirow.sty
Package: multirow 2021/03/15 v2.8 Span multiple rows of a table
\multirow@colwidth=\skip53
\multirow@cntb=\count285
\multirow@dima=\skip54
\bigstrutjot=\dimen170
)
(C:\Users\robde\AppData\Local\Programs\MiKTeX\tex/latex/listings\lstlang1.sty
File: lstlang1.sty 2023/02/27 1.9 listings language file
)
(C:\Users\robde\AppData\Local\Programs\MiKTeX\tex/latex/l3backend\l3backend-pdf
tex.def
File: l3backend-pdftex.def 2023-03-30 L3 backend support: PDF output (pdfTeX)
\l__color_backend_stack_int=\count286
\l__pdf_internal_box=\box59
) (a5.aux)
\openout1 = `a5.aux'.

LaTeX Font Info:    Checking defaults for OML/cmm/m/it on input line 31.
LaTeX Font Info:    ... okay on input line 31.
LaTeX Font Info:    Checking defaults for OMS/cmsy/m/n on input line 31.
LaTeX Font Info:    ... okay on input line 31.
LaTeX Font Info:    Checking defaults for OT1/cmr/m/n on input line 31.
LaTeX Font Info:    ... okay on input line 31.
LaTeX Font Info:    Checking defaults for T1/cmr/m/n on input line 31.
LaTeX Font Info:    ... okay on input line 31.
LaTeX Font Info:    Checking defaults for TS1/cmr/m/n on input line 31.
LaTeX Font Info:    ... okay on input line 31.
LaTeX Font Info:    Checking defaults for OMX/cmex/m/n on input line 31.
LaTeX Font Info:    ... okay on input line 31.
LaTeX Font Info:    Checking defaults for U/cmr/m/n on input line 31.
LaTeX Font Info:    ... okay on input line 31.

*geometry* driver: auto-detecting
*geometry* detected driver: pdftex
*geometry* verbose mode - [ preamble ] result:
* driver: pdftex
* paper: <default>
* layout: <same size as paper>
* layoutoffset:(h,v)=(0.0pt,0.0pt)
* modes: 
* h-part:(L,W,R)=(72.26999pt, 469.75502pt, 72.26999pt)
* v-part:(T,H,B)=(72.26999pt, 650.43001pt, 72.26999pt)
* \paperwidth=614.295pt
* \paperheight=794.96999pt
* \textwidth=469.75502pt
* \textheight=650.43001pt
* \oddsidemargin=0.0pt
* \evensidemargin=0.0pt
* \topmargin=-37.0pt
* \headheight=12.0pt
* \headsep=25.0pt
* \topskip=10.0pt
* \footskip=30.0pt
* \marginparwidth=65.0pt
* \marginparsep=11.0pt
* \columnsep=10.0pt
* \skip\footins=9.0pt plus 4.0pt minus 2.0pt
* \hoffset=0.0pt
* \voffset=0.0pt
* \mag=1000
* \@twocolumnfalse
* \@twosidefalse
* \@mparswitchfalse
* \@reversemarginfalse
* (1in=72.27pt=25.4mm, 1cm=28.453pt)

\c@lstlisting=\count287

(C:\Users\robde\AppData\Local\Programs\MiKTeX\tex/context/base/mkii\supp-pdf.mk
ii
[Loading MPS to PDF converter (version 2006.09.02).]
\scratchcounter=\count288
\scratchdimen=\dimen171
\scratchbox=\box60
\nofMPsegments=\count289
\nofMParguments=\count290
\everyMPshowfont=\toks25
\MPscratchCnt=\count291
\MPscratchDim=\dimen172
\MPnumerator=\count292
\makeMPintoPDFobject=\count293
\everyMPtoPDFconversion=\toks26
)
(C:\Users\robde\AppData\Local\Programs\MiKTeX\tex/latex/epstopdf-pkg\epstopdf-b
ase.sty
Package: epstopdf-base 2020-01-24 v2.11 Base part for package epstopdf
Package epstopdf-base Info: Redefining graphics rule for `.eps' on input line 4
85.

(C:\Users\robde\AppData\Local\Programs\MiKTeX\tex/latex/00miktex\epstopdf-sys.c
fg
File: epstopdf-sys.cfg 2021/03/18 v2.0 Configuration of epstopdf for MiKTeX
))
<g3.png, id=1, 642.4pt x 481.8pt>
File: g3.png Graphic file (type png)
<use g3.png>
Package pdftex.def Info: g3.png  used on input line 55.
(pdftex.def)             Requested size: 375.80544pt x 281.86288pt.
 [1

{C:/Users/robde/AppData/Local/MiKTeX/fonts/map/pdftex/pdftex.map} <./g3.png (PN
G copy)>]
Overfull \hbox (265.07034pt too wide) in paragraph at lines 62--62
[]  \OT1/cmtt/m/n/12 Given the same car prediction model, how can I improve pre
dictions for cars that have a cost of a specific threshold.[] 
 []


Overfull \hbox (345.34538pt too wide) in paragraph at lines 116--116
[]\OT1/cmtt/m/n/12 If you want to improve predictions for cars that have a cost
 around a specific threshold, you can consider the following strategies:[] 
 []


Overfull \hbox (604.69551pt too wide) in paragraph at lines 116--116
[]\OT1/cmtt/m/n/12 a. Gather more data specifically for cars around the thresho
ld price. This can help your model better understand the features and character
istics of cars in that price range.[] 
 []


Overfull \hbox (925.79567pt too wide) in paragraph at lines 116--116
[]\OT1/cmtt/m/n/12 b. Augment your dataset by creating synthetic data points ar
ound the threshold price. You can generate variations of existing data points b
y slightly modifying features or adding noise to mimic cars at the desired pric
e range.[] 
 []


Overfull \hbox (487.37045pt too wide) in paragraph at lines 116--116
[]\OT1/cmtt/m/n/12 a. Create new features that capture the unique attributes of
 cars near the threshold price. These features can provide additional informati
on to the model.[] 
 []


Overfull \hbox (123.04527pt too wide) in paragraph at lines 116--116
[]\OT1/cmtt/m/n/12 b. Explore interactions between features and their effects o
n cars at the specified price range.[] 
 []


Overfull \hbox (629.39552pt too wide) in paragraph at lines 116--116
[]\OT1/cmtt/m/n/12 a. Choose a model that is well-suited for capturing the nuan
ces of cars at the threshold price. More complex models or ensemble methods mig
ht work better for such specific tasks.[] 
 []


Overfull \hbox (209.49532pt too wide) in paragraph at lines 116--116
[]\OT1/cmtt/m/n/12 b. Fine-tune hyperparameters, particularly those related to 
the model's sensitivity to different price ranges.[] 
 []


Overfull \hbox (1030.77072pt too wide) in paragraph at lines 116--116
[]\OT1/cmtt/m/n/12 c. Consider using specialized regression techniques, such as
 Quantile Regression, that focus on predicting specific quantiles of the target
 variable. This can be useful when you want to predict a specific threshold pri
ce with greater accuracy.[] 
 []


Overfull \hbox (722.02057pt too wide) in paragraph at lines 116--116
[]\OT1/cmtt/m/n/12 a. Use ensemble models like stacking or blending to combine 
predictions from multiple models. You can have one model specialized for the sp
ecific threshold and another for the rest of the data.[] 
 []


Overfull \hbox (857.87064pt too wide) in paragraph at lines 116--116
[]\OT1/cmtt/m/n/12 a. Analyze the feature importance scores of your model, whic
h can help identify the features that have the most impact on predictions near 
the threshold price. This information can guide feature engineering efforts.[] 

 []


Overfull \hbox (703.49556pt too wide) in paragraph at lines 116--116
[]\OT1/cmtt/m/n/12 a. Implement custom post-processing steps to fine-tune predi
ctions around the threshold price. For example, you can adjust predictions by a
 certain factor if they are close to the threshold.[] 
 []


Overfull \hbox (826.99562pt too wide) in paragraph at lines 116--116
[]\OT1/cmtt/m/n/12 a. Examine the residuals (the differences between actual and
 predicted values) for cars near the threshold price. This can help identify pa
tterns and systematic errors that your model makes in this price range.[] 
 []


Overfull \hbox (999.8957pt too wide) in paragraph at lines 116--116
[]\OT1/cmtt/m/n/12 a. Use cross-validation techniques that focus on the thresho
ld price range, such as stratified cross-validation. This ensures that the mode
l's performance in this specific range is adequately assessed during model trai
ning and evaluation.[] 
 []

[2]
Overfull \hbox (499.72046pt too wide) in paragraph at lines 116--116
[]\OT1/cmtt/m/n/12 a. Consult experts or domain-specific knowledge to understan
d what features and characteristics are most important for cars at the specifie
d price threshold.[] 
 []


Overfull \hbox (542.94548pt too wide) in paragraph at lines 116--116
[]\OT1/cmtt/m/n/12 a. Continuously monitor the model's performance, and be prep
ared to update the model as new data becomes available or as your understanding
 of the problem improves.[] 
 []


Overfull \hbox (1216.02081pt too wide) in paragraph at lines 116--116
[]\OT1/cmtt/m/n/12 Remember that improving predictions for a specific price thr
eshold might require a combination of these strategies. It's often an iterative
 process where you experiment, evaluate, and refine your model to achieve the d
esired level of accuracy around the target price range.[] 
 []

[3]
Overfull \hbox (234.19533pt too wide) in paragraph at lines 121--121
[]   \OT1/cmtt/m/n/12 Using a sample dataset how can I demonstrate the impact t
he most significant digit has on the response variable[] 
 []


Overfull \hbox (2037.29622pt too wide) in paragraph at lines 141--141
[]\OT1/cmtt/m/n/12 To demonstrate the impact of the most significant digit on t
he response variable, you can use a sample dataset and analyze how the first di
git of a numerical feature relates to the response variable. This kind of analy
sis is commonly associated with Benford's Law, which describes the expected dis
tribution of leading digits in many datasets. You can perform the following ste
ps to demonstrate this impact:[] 
 []


Overfull \hbox (518.24547pt too wide) in paragraph at lines 141--141
[]\OT1/cmtt/m/n/12 Start by creating or obtaining a sample dataset that include
s a numerical feature and a response variable. For simplicity, you can generate
 a synthetic dataset.[] 
 []


Overfull \hbox (425.62042pt too wide) in paragraph at lines 141--141
[]\OT1/cmtt/m/n/12 Extract the first digit from the numerical feature. You can 
do this by converting the numbers to strings and then extracting the first char
acter.[] 
 []


Overfull \hbox (1283.94585pt too wide) in paragraph at lines 141--141
[]\OT1/cmtt/m/n/12 Calculate summary statistics for the response variable based
 on the first digit of the numerical feature. You can calculate the mean, media
n, or other relevant statistics for each first digit group. This analysis helps
 you understand how the first digit affects the response variable.[] 
 []


Overfull \hbox (647.92053pt too wide) in paragraph at lines 141--141
[]\OT1/cmtt/m/n/12 Create visualizations to demonstrate the impact of the first
 digit. You can create bar plots, histograms, or box plots to show how the resp
onse variable varies with the first digit.[] 
 []


Overfull \hbox (808.47061pt too wide) in paragraph at lines 141--141
[]\OT1/cmtt/m/n/12 Analyze the results to determine if there is a notable impac
t of the first digit on the response variable. You can look for patterns or dif
ferences in means or other statistics across different first digits.[] 
 []


Overfull \hbox (1932.32117pt too wide) in paragraph at lines 141--141
[]\OT1/cmtt/m/n/12 The analysis demonstrates how the first digit of the numeric
al feature affects the response variable and whether it follows any expected pa
tterns, such as those outlined in Benford's Law. If the first digit has a signi
ficant impact on the response variable, it may suggest that the numerical featu
re follows a particular distribution or that other factors are influencing the 
relationship.[] 
 []

[4] [1] [2] [3] (a5.aux) ) 
Here is how much of TeX's memory you used:
 4835 strings out of 476331
 71348 string characters out of 5787765
 1976660 words of memory out of 5000000
 25243 multiletter control sequences out of 15000+600000
 517246 words of font info for 50 fonts, out of 8000000 for 9000
 1141 hyphenation exceptions out of 8191
 57i,6n,62p,573b,1785s stack positions out of 10000i,1000n,20000p,200000b,200000s
<C:/Users/robde/AppData/Local/Programs/MiKTeX/fonts/t
ype1/public/amsfonts/cm/cmbx10.pfb><C:/Users/robde/AppData/Local/Programs/MiKTe
X/fonts/type1/public/amsfonts/cm/cmbx12.pfb><C:/Users/robde/AppData/Local/Progr
ams/MiKTeX/fonts/type1/public/amsfonts/cm/cmmi12.pfb><C:/Users/robde/AppData/Lo
cal/Programs/MiKTeX/fonts/type1/public/amsfonts/cm/cmr10.pfb><C:/Users/robde/Ap
pData/Local/Programs/MiKTeX/fonts/type1/public/amsfonts/cm/cmr12.pfb><C:/Users/
robde/AppData/Local/Programs/MiKTeX/fonts/type1/public/amsfonts/cm/cmr17.pfb><C
:/Users/robde/AppData/Local/Programs/MiKTeX/fonts/type1/public/amsfonts/cm/cmr8
.pfb><C:/Users/robde/AppData/Local/Programs/MiKTeX/fonts/type1/public/amsfonts/
cm/cmtt12.pfb><C:/Users/robde/AppData/Local/Programs/MiKTeX/fonts/type1/public/
amsfonts/cm/cmtt9.pfb>
Output written on a5.pdf (7 pages, 164043 bytes).
PDF statistics:
 72 PDF objects out of 1000 (max. 8388607)
 0 named destinations out of 1000 (max. 500000)
 6 words of extra memory for PDF output out of 10000 (max. 10000000)

